<?xml version="1.0" encoding="UTF-8"?>
<!-- Generated by org.testng.reporters.JUnitXMLReporter -->
<testsuite hostname="IBM-1L6NSV3" failures="0" tests="6" name="Test Basics 1" time="47.972" errors="0" timestamp="20 Mar 2024 11:32:48 GMT">
  <testcase classname="pk_spreecom.Create_Address_And_Delete_Address_Through_UI" name="Create_Address" time="10.611"/>
  <testcase classname="pk_spreecom.Create_Address_And_Delete_Address_Through_UI" name="Update_Address" time="1.992"/>
  <testcase classname="pk_spreecom.Create_Address_And_Delete_Address_Through_UI" name="deleteAddress_UI" time="28.094"/>
  <testcase classname="pk_spreecom.Create_Address_And_Update_Address_Using_File_with_Util_Function" name="Create_Address" time="2.492"/>
  <testcase classname="pk_spreecom.Create_Address_And_Update_Address_Using_File_with_Util_Function" name="Update_Address" time="2.041"/>
  <testcase classname="pk_spreecom.Create_Address_And_Update_Address_Using_File_with_Util_Function" name="deleteAddress" time="2.721"/>
</testsuite> <!-- Test Basics 1 -->
