<?xml version="1.0" encoding="UTF-8"?>
<testng-results total="6" passed="6" failed="0" skipped="0">
  <reporter-output>
  </reporter-output>
  <suite started-at="2024-03-20T11:32:00Z" name="Practice Suite" finished-at="2024-03-20T11:32:48Z" duration-ms="47972">
    <groups>
    </groups>
    <test started-at="2024-03-20T11:32:00Z" name="Test Basics 1" finished-at="2024-03-20T11:32:48Z" duration-ms="47972">
      <class name="pk_spreecom.Create_Address_And_Update_Address_Using_File_with_Util_Function">
        <test-method signature="Create_Address()[pri:0, instance:pk_spreecom.Create_Address_And_Update_Address_Using_File_with_Util_Function@10a035a0]" started-at="2024-03-20T17:02:41Z" name="Create_Address" finished-at="2024-03-20T17:02:44Z" duration-ms="2492" status="PASS">
          <reporter-output>
          </reporter-output>
        </test-method> <!-- Create_Address -->
        <test-method signature="Update_Address()[pri:0, instance:pk_spreecom.Create_Address_And_Update_Address_Using_File_with_Util_Function@10a035a0]" started-at="2024-03-20T17:02:44Z" name="Update_Address" finished-at="2024-03-20T17:02:46Z" duration-ms="2041" status="PASS">
          <reporter-output>
          </reporter-output>
        </test-method> <!-- Update_Address -->
        <test-method signature="deleteAddress()[pri:0, instance:pk_spreecom.Create_Address_And_Update_Address_Using_File_with_Util_Function@10a035a0]" started-at="2024-03-20T17:02:46Z" name="deleteAddress" finished-at="2024-03-20T17:02:48Z" depends-on-methods="pk_spreecom.Create_Address_And_Update_Address_Using_File_with_Util_Function.Create_Address" duration-ms="2721" status="PASS">
          <reporter-output>
          </reporter-output>
        </test-method> <!-- deleteAddress -->
      </class> <!-- pk_spreecom.Create_Address_And_Update_Address_Using_File_with_Util_Function -->
      <class name="pk_spreecom.Create_Address_And_Delete_Address_Through_UI">
        <test-method signature="Create_Address()[pri:0, instance:pk_spreecom.Create_Address_And_Delete_Address_Through_UI@78186a70]" started-at="2024-03-20T17:02:00Z" name="Create_Address" finished-at="2024-03-20T17:02:11Z" duration-ms="10611" status="PASS">
          <reporter-output>
          </reporter-output>
        </test-method> <!-- Create_Address -->
        <test-method signature="Update_Address()[pri:0, instance:pk_spreecom.Create_Address_And_Delete_Address_Through_UI@78186a70]" started-at="2024-03-20T17:02:11Z" name="Update_Address" finished-at="2024-03-20T17:02:13Z" duration-ms="1992" status="PASS">
          <reporter-output>
          </reporter-output>
        </test-method> <!-- Update_Address -->
        <test-method signature="deleteAddress_UI()[pri:0, instance:pk_spreecom.Create_Address_And_Delete_Address_Through_UI@78186a70]" started-at="2024-03-20T17:02:13Z" name="deleteAddress_UI" finished-at="2024-03-20T17:02:41Z" duration-ms="28094" status="PASS">
          <reporter-output>
          </reporter-output>
        </test-method> <!-- deleteAddress_UI -->
      </class> <!-- pk_spreecom.Create_Address_And_Delete_Address_Through_UI -->
    </test> <!-- Test Basics 1 -->
  </suite> <!-- Practice Suite -->
</testng-results>
