<?xml version="1.0" encoding="UTF-8"?>
<!-- Generated by org.testng.reporters.JUnitXMLReporter -->
<testsuite ignored="0" hostname="IBM-1L6NSV3" failures="0" tests="6" name="Test Basics 1" time="34.509" errors="0" timestamp="2024-03-20T15:00:20 IST">
  <testcase classname="pk_spreecom.Create_Address_And_Delete_Address_Through_UI" name="Create_Address" time="4.139"/>
  <testcase classname="pk_spreecom.Create_Address_And_Delete_Address_Through_UI" name="Update_Address" time="2.145"/>
  <testcase classname="pk_spreecom.Create_Address_And_Delete_Address_Through_UI" name="deleteAddress_UI" time="21.353"/>
  <testcase classname="pk_spreecom.Create_Address_And_Update_Address_Using_File_with_Util_Function" name="Create_Address" time="2.139"/>
  <testcase classname="pk_spreecom.Create_Address_And_Update_Address_Using_File_with_Util_Function" name="deleteAddress" time="2.653"/>
  <testcase classname="pk_spreecom.Create_Address_And_Update_Address_Using_File_with_Util_Function" name="Update_Address" time="2.019"/>
</testsuite> <!-- Test Basics 1 -->
